Drill report for VR 5v and 9v.kicad_pcb
Created on 2023 December 05, Tuesday 02:10:39

Copper Layer Stackup:
    =============================================================
    L1 :  F.Cu                      front
    L2 :  B.Cu                      back


Drill file 'VR 5v and 9v-PTH.drl' contains
    plated through holes:
    =============================================================
    T1  0.400mm  0.0157"  (1 hole)
    T2  0.700mm  0.0276"  (2 holes)
    T3  0.800mm  0.0315"  (10 holes)
    T4  0.900mm  0.0354"  (4 holes)
    T5  1.100mm  0.0433"  (6 holes)
    T6  1.300mm  0.0512"  (6 holes)

    Total plated holes count 29


Drill file 'VR 5v and 9v-NPTH.drl' contains
    unplated through holes:
    =============================================================

    Total unplated holes count 0
